2024-09-05 17:37:37 error Invalid Login Credentials
2024-09-05 23:08:07 error type must be one of the following values: SAVINGS_ACCOUNT, CURRENT_ACCOUNT, FIXED_SAVINGS
2024-09-05 23:08:16 error type must be one of the following values: SAVINGS_ACCOUNT, CURRENT_ACCOUNT, FIXED_SAVINGS
2024-09-05 23:10:02 error type must be one of the following values: SAVINGS_ACCOUNT, CURRENT_ACCOUNT, FIXED_SAVINGS
2024-09-05 23:11:36 error type must be a lowercase string
2024-09-05 23:11:45 error type must be a lowercase string
2024-09-05 23:11:48 error type must be a lowercase string
2024-09-05 23:11:49 error type must be a lowercase string
2024-09-05 23:11:49 error type must be a lowercase string
2024-09-05 23:12:32 error type must be one of the following values: SAVINGS_ACCOUNT, CURRENT_ACCOUNT, FIXED_SAVINGS
2024-09-05 23:12:43 error jwt must be provided
2024-09-05 23:14:41 error jwt must be provided
2024-09-05 23:15:07 error jwt must be provided
2024-09-05 23:15:40 error Invalid Login Credentials
2024-09-05 23:15:42 error Invalid Login Credentials
2024-09-05 23:16:10 error Unauthorized Access
2024-09-05 23:17:01 error Unauthorized Access
2024-09-05 23:18:08 error Cannot read properties of undefined (reading 'id')
2024-09-05 23:18:39 error Cannot read properties of undefined (reading 'id')
2024-09-05 23:18:40 error Cannot read properties of undefined (reading 'id')
2024-09-05 23:18:40 error Cannot read properties of undefined (reading 'id')
2024-09-05 23:18:41 error Cannot read properties of undefined (reading 'id')
2024-09-05 23:18:41 error Cannot read properties of undefined (reading 'id')
2024-09-05 23:19:33 error Cannot read properties of undefined (reading 'id')
2024-09-05 23:19:34 error Cannot read properties of undefined (reading 'id')
2024-09-05 23:19:56 error Cannot read properties of undefined (reading 'id')
2024-09-05 23:20:14 error Unauthorized Access
2024-09-06 09:02:15 error firstname is a required field, lastname is a required field, email is a required field, password is a required field
2024-09-06 13:45:31 error Unauthorized Access
2024-09-06 13:50:41 error Transaction status not supported
2024-09-06 13:53:44 error Transaction status not supported
2024-09-06 13:54:12 error Transaction status not supported
2024-09-06 13:58:14 error Transaction status not supported
2024-09-06 13:59:50 error Transaction status not supported
2024-09-06 14:01:29 error jwt expired
2024-09-06 14:02:06 error jwt expired
2024-09-06 14:02:40 error Transaction status not supported
2024-09-06 14:09:17 error Transaction status not supported
2024-09-06 14:14:27 error Transaction status not supported
2024-09-06 14:15:03 error Transaction status not supported
2024-09-06 14:54:19 error jwt expired
2024-09-06 14:54:35 error Transaction status not supported
2024-09-06 14:57:57 error Transaction status not supported
2024-09-06 14:57:58 error Transaction status not supported
2024-09-06 14:57:58 error Transaction status not supported
2024-09-06 14:57:59 error Transaction status not supported
2024-09-06 14:57:59 error Transaction status not supported
2024-09-07 00:36:36 error Transaction status not supported
2024-09-07 00:36:53 error jwt expired
2024-09-07 01:14:24 error email is a required field
2024-09-07 01:15:03 error Insufficient balance
2024-09-07 01:15:14 error Insufficient balance
2024-09-07 01:16:17 error You can't transfer to yourself
2024-09-07 02:28:26 error jwt expired
2024-09-07 02:29:15 error Insufficient balance
2024-09-07 02:29:55 error Invalid Payment Account please try another payout method
2024-09-07 02:31:40 error Invalid Payment Account please try another payout method
2024-09-07 02:33:55 error WHERE parameter "accountNumber" has invalid "undefined" value
2024-09-07 02:36:08 error WHERE parameter "accountNumber" has invalid "undefined" value
2024-09-07 02:36:23 error WHERE parameter "accountNumber" has invalid "undefined" value
2024-09-07 02:36:54 error Invalid Payment Account please try another payout method
2024-09-07 02:37:54 error Invalid Payment Account please try another payout method
2024-09-07 17:57:58 error jwt expired
2024-09-07 17:58:49 error Invalid Payment Account please try another payout method
2024-09-07 18:07:16 error Invalid Payment Account please try another payout method
2024-09-07 18:23:51 error Invalid account details, please verify the account number and bank code.
2024-09-07 18:24:16 error Invalid account details, please verify the account number and bank code.
2024-09-07 18:29:44 error Invalid account details, please verify the account number and bank code.
2024-09-07 18:30:18 error Invalid account details, please verify the account number and bank code.
2024-09-07 18:40:27 error Invalid account details, please verify the account number and bank code.
2024-09-07 18:42:16 error Invalid account details, please verify the account number and bank code.
2024-09-07 18:42:40 error Invalid account details, please verify the account number and bank code.
2024-09-07 18:59:31 error jwt expired
2024-09-07 19:01:22 error Invalid account details, please verify the account number and bank code.
2024-09-08 11:56:12 error Email Already Exists
2024-09-08 11:57:40 error Email Already Exists
2024-09-08 11:59:43 error first_name is a required field, last_name is a required field
2024-09-08 12:00:35 error firstname is a required field, lastname is a required field, email is a required field, phone is a required field, password is a required field
2024-09-08 12:00:53 error preferedBank is a required field
2024-09-08 12:01:24 error preferedBank is a required field
2024-09-08 12:03:53 error Failed to create virtual account
2024-09-08 12:06:03 error Failed to create virtual account
2024-09-08 12:06:32 error Failed to create virtual account
